[debug] [2020-10-06T18:14:12.141Z] ----------------------------------------------------------------------
[debug] [2020-10-06T18:14:12.143Z] Command:       /Users/sandeepkambham/.nvm/versions/node/v14.5.0/bin/node /Users/sandeepkambham/.nvm/versions/node/v14.5.0/bin/firebase init
[debug] [2020-10-06T18:14:12.143Z] CLI Version:   8.9.2
[debug] [2020-10-06T18:14:12.143Z] Platform:      darwin
[debug] [2020-10-06T18:14:12.143Z] Node Version:  v14.5.0
[debug] [2020-10-06T18:14:12.144Z] Time:          Tue Oct 06 2020 14:14:12 GMT-0400 (Eastern Daylight Time)
[debug] [2020-10-06T18:14:12.144Z] ----------------------------------------------------------------------
[debug] [2020-10-06T18:14:12.144Z] 
[debug] [2020-10-06T18:14:12.150Z] > command requires scopes: ["email","openid","https://www.googleapis.com/auth/cloudplatformprojects.readonly","https://www.googleapis.com/auth/firebase","https://www.googleapis.com/auth/cloud-platform"]
[debug] [2020-10-06T18:14:12.151Z] > authorizing via signed-in user
[info] 
     ######## #### ########  ######## ########     ###     ######  ########
     ##        ##  ##     ## ##       ##     ##  ##   ##  ##       ##
     ######    ##  ########  ######   ########  #########  ######  ######
     ##        ##  ##    ##  ##       ##     ## ##     ##       ## ##
     ##       #### ##     ## ######## ########  ##     ##  ######  ########

You're about to initialize a Firebase project in this directory:

  /Users/sandeepkambham/Documents/chat-app

Before we get started, keep in mind:

  * You are initializing in an existing Firebase project directory

[info] 
=== Project Setup
[info] 
[info] First, let's associate this project directory with a Firebase project.
[info] You can create multiple project aliases by running firebase use --add, 
[info] but for now we'll just set up a default project.
[info] 
[info] i  .firebaserc already has a default project, using chatbox-390df. 
[debug] [2020-10-06T18:14:27.840Z] >>> HTTP REQUEST GET https://firebase.googleapis.com/v1beta1/projects/chatbox-390df  
 
[debug] [2020-10-06T18:14:27.995Z] <<< HTTP RESPONSE 200 {"content-type":"application/json; charset=UTF-8","vary":"X-Origin, Referer, Origin,Accept-Encoding","date":"Tue, 06 Oct 2020 18:14:27 GMT","server":"ESF","cache-control":"private","x-xss-protection":"0","x-frame-options":"SAMEORIGIN","x-content-type-options":"nosniff","alt-svc":"h3-Q050=\":443\"; ma=2592000,h3-29=\":443\"; ma=2592000,h3-27=\":443\"; ma=2592000,h3-T051=\":443\"; ma=2592000,h3-T050=\":443\"; ma=2592000,h3-Q046=\":443\"; ma=2592000,h3-Q043=\":443\"; ma=2592000,quic=\":443\"; ma=2592000; v=\"46,43\"","accept-ranges":"none","transfer-encoding":"chunked"}
[info] 
=== Hosting Setup
[info] 
[info] Your public directory is the folder (relative to your project directory) that
[info] will contain Hosting assets to be uploaded with firebase deploy. If you
[info] have a build process for your assets, use your build's output directory.
[info] 
[debug] [2020-10-06T18:15:23.291Z] TypeError: Cannot read property 'setRawMode' of null
    at ReadStream.setRawMode (tty.js:75:28)
    at Interface._setRawMode (readline.js:298:16)
    at Interface.close (readline.js:421:10)
    at ReadStream.ontermend (readline.js:209:10)
    at ReadStream.emit (events.js:326:22)
    at ReadStream.EventEmitter.emit (domain.js:486:12)
    at endReadableNT (_stream_readable.js:1226:12)
    at processTicksAndRejections (internal/process/task_queues.js:80:21)
[error] 
[error] Error: An unexpected error has occurred.
[debug] [2020-10-06T18:15:23.295Z] Error: write EIO
    at afterWriteDispatched (internal/stream_base_commons.js:156:25)
    at writeGeneric (internal/stream_base_commons.js:147:3)
    at WriteStream.Socket._writeGeneric (net.js:785:11)
    at WriteStream.Socket._write (net.js:797:8)
    at writeOrBuffer (_stream_writable.js:352:12)
    at WriteStream.Writable.write (_stream_writable.js:303:10)
    at Console.log (/Users/sandeepkambham/.nvm/versions/node/v14.5.0/lib/node_modules/firebase-tools/node_modules/winston/lib/winston/transports/console.js:79:23)
    at Console._write (/Users/sandeepkambham/.nvm/versions/node/v14.5.0/lib/node_modules/firebase-tools/node_modules/winston-transport/index.js:103:17)
    at doWrite (/Users/sandeepkambham/.nvm/versions/node/v14.5.0/lib/node_modules/firebase-tools/node_modules/readable-stream/lib/_stream_writable.js:428:64)
    at writeOrBuffer (/Users/sandeepkambham/.nvm/versions/node/v14.5.0/lib/node_modules/firebase-tools/node_modules/readable-stream/lib/_stream_writable.js:417:5)
    at Console.Writable.write (/Users/sandeepkambham/.nvm/versions/node/v14.5.0/lib/node_modules/firebase-tools/node_modules/readable-stream/lib/_stream_writable.js:334:11)
    at DerivedLogger.ondata (/Users/sandeepkambham/.nvm/versions/node/v14.5.0/lib/node_modules/firebase-tools/node_modules/winston/node_modules/readable-stream/lib/_stream_readable.js:681:20)
    at DerivedLogger.emit (events.js:326:22)
    at DerivedLogger.EventEmitter.emit (domain.js:486:12)
    at addChunk (/Users/sandeepkambham/.nvm/versions/node/v14.5.0/lib/node_modules/firebase-tools/node_modules/winston/node_modules/readable-stream/lib/_stream_readable.js:298:12)
    at readableAddChunk (/Users/sandeepkambham/.nvm/versions/node/v14.5.0/lib/node_modules/firebase-tools/node_modules/winston/node_modules/readable-stream/lib/_stream_readable.js:280:11)
[error] 
[error] Error: An unexpected error has occurred.
